<?xml version="1.0" encoding="UTF-8"?>
<!-- Generated by org.testng.reporters.JUnitXMLReporter -->
<testsuite hostname="DESKTOP-9434J20" ignored="1" name="Tests" tests="2" failures="1" timestamp="2023-06-13T13:09:03 IST" time="0.125" errors="0">
  <testcase name="verifyLeadsCreation" time="0.06" classname="com.eva.vtigerAutomation.TestCaseLayer.TestCaseLayer">
    <failure type="java.lang.IllegalArgumentException" message="Driver must be set">
      <![CDATA[java.lang.IllegalArgumentException: Driver must be set
at org.openqa.selenium.internal.Require.nonNull(Require.java:59)
at org.openqa.selenium.interactions.Actions.<init>(Actions.java:60)
at utillityLayer.WebUtil.mouseOver(WebUtil.java:390)
at com.eva.vtigerAutomation.HomePage.HomeLandingPage.navigateToMarketingLeads(HomeLandingPage.java:18)
at com.eva.vtigerAutomation.TestCaseLayer.TestCaseLayer.verifyLeadsCreation(TestCaseLayer.java:24)
at java.util.ArrayList.forEach(ArrayList.java:1249)
... Removed 27 stack frames]]>
    </failure>
  </testcase> <!-- verifyLeadsCreation -->
  <testcase name="verifyLeadsDeletion" time="0.0" classname="com.eva.vtigerAutomation.TestCaseLayer.TestCaseLayer">
    <skipped/>
  </testcase> <!-- verifyLeadsDeletion -->
  <testcase name="verifyLeadsEdition" time="0.0" classname="com.eva.vtigerAutomation.TestCaseLayer.TestCaseLayer">
    <ignored/>
  </testcase> <!-- verifyLeadsEdition -->
</testsuite> <!-- Tests -->
