<?xml version="1.0" encoding="UTF-8"?>
<testng-results ignored="0" total="3" passed="0" failed="3" skipped="0">
  <reporter-output>
  </reporter-output>
  <suite started-at="2023-09-09T13:56:53 IST" name="Suite" finished-at="2023-09-09T13:57:14 IST" duration-ms="20767">
    <groups>
      <group name="smoke">
        <method signature="TestCaseLayer1.verifyLeadsCreation(java.lang.Object)[pri:0, instance:com.eva.vtigerAutomation.TestCaseLayer.TestCaseLayer1@536f2a7e]" name="verifyLeadsCreation" class="com.eva.vtigerAutomation.TestCaseLayer.TestCaseLayer1"/>
        <method signature="TestCaseLayer1.verifyLeadsCreation(java.lang.Object)[pri:0, instance:com.eva.vtigerAutomation.TestCaseLayer.TestCaseLayer1@79207381]" name="verifyLeadsCreation" class="com.eva.vtigerAutomation.TestCaseLayer.TestCaseLayer1"/>
        <method signature="TestCaseLayer1.verifyLeadsCreation(java.lang.Object)[pri:0, instance:com.eva.vtigerAutomation.TestCaseLayer.TestCaseLayer1@1a4927d6]" name="verifyLeadsCreation" class="com.eva.vtigerAutomation.TestCaseLayer.TestCaseLayer1"/>
      </group> <!-- smoke -->
    </groups>
    <test started-at="2023-09-09T13:56:53 IST" name="verifyLeadsCreation" finished-at="2023-09-09T13:57:03 IST" duration-ms="10144">
      <class name="com.eva.vtigerAutomation.TestCaseLayer.TestCaseLayer1">
        <test-method is-config="true" signature="beforeTest()[pri:0, instance:com.eva.vtigerAutomation.TestCaseLayer.TestCaseLayer1@536f2a7e]" started-at="2023-09-09T13:56:53 IST" name="beforeTest" finished-at="2023-09-09T13:56:53 IST" duration-ms="411" status="PASS">
          <reporter-output>
          </reporter-output>
        </test-method> <!-- beforeTest -->
        <test-method is-config="true" signature="beforeClass(java.lang.String)[pri:0, instance:com.eva.vtigerAutomation.TestCaseLayer.TestCaseLayer1@536f2a7e]" started-at="2023-09-09T13:56:53 IST" name="beforeClass" finished-at="2023-09-09T13:57:03 IST" duration-ms="9206" status="PASS">
          <params>
            <param index="0">
              <value>
                <![CDATA[chrome]]>
              </value>
            </param>
          </params>
          <reporter-output>
          </reporter-output>
        </test-method> <!-- beforeClass -->
        <test-method signature="verifyLeadsCreation(java.lang.Object)[pri:0, instance:com.eva.vtigerAutomation.TestCaseLayer.TestCaseLayer1@536f2a7e]" started-at="2023-09-09T13:57:03 IST" name="verifyLeadsCreation" finished-at="2023-09-09T13:57:03 IST" duration-ms="0" status="FAIL">
          <exception class="org.testng.TestNGException">
            <message>
              <![CDATA[
Method public void com.eva.vtigerAutomation.TestCaseLayer.TestCaseLayer1.verifyLeadsCreation(java.lang.Object) requires a @DataProvider named : getValue]]>
            </message>
            <full-stacktrace>
              <![CDATA[org.testng.TestNGException: 
Method public void com.eva.vtigerAutomation.TestCaseLayer.TestCaseLayer1.verifyLeadsCreation(java.lang.Object) requires a @DataProvider named : getValue
at org.testng.internal.Parameters.findDataProvider(Parameters.java:526)
at org.testng.internal.Parameters.handleParameters(Parameters.java:763)
at org.testng.internal.Parameters.handleParameters(Parameters.java:728)
at org.testng.internal.invokers.ParameterHandler.handleParameters(ParameterHandler.java:72)
at org.testng.internal.invokers.ParameterHandler.createParameters(ParameterHandler.java:51)
at org.testng.internal.invokers.TestInvoker$MethodInvocationAgent.invoke(TestInvoker.java:911)
at org.testng.internal.invokers.TestInvoker.invokeTestMethods(TestInvoker.java:200)
at org.testng.internal.invokers.TestMethodWorker.invokeTestMethods(TestMethodWorker.java:148)
at org.testng.internal.invokers.TestMethodWorker.run(TestMethodWorker.java:128)
at java.base/java.util.ArrayList.forEach(ArrayList.java:1511)
at org.testng.TestRunner.privateRun(TestRunner.java:848)
at org.testng.TestRunner.run(TestRunner.java:621)
at org.testng.SuiteRunner.runTest(SuiteRunner.java:443)
at org.testng.SuiteRunner.runSequentially(SuiteRunner.java:437)
at org.testng.SuiteRunner.privateRun(SuiteRunner.java:397)
at org.testng.SuiteRunner.run(SuiteRunner.java:336)
at org.testng.SuiteRunnerWorker.runSuite(SuiteRunnerWorker.java:52)
at org.testng.SuiteRunnerWorker.run(SuiteRunnerWorker.java:95)
at org.testng.TestNG.runSuitesSequentially(TestNG.java:1280)
at org.testng.TestNG.runSuitesLocally(TestNG.java:1200)
at org.testng.TestNG.runSuites(TestNG.java:1114)
at org.testng.TestNG.run(TestNG.java:1082)
at org.testng.remote.AbstractRemoteTestNG.run(AbstractRemoteTestNG.java:115)
at org.testng.remote.RemoteTestNG.initAndRun(RemoteTestNG.java:251)
at org.testng.remote.RemoteTestNG.main(RemoteTestNG.java:77)
]]>
            </full-stacktrace>
          </exception> <!-- org.testng.TestNGException -->
          <reporter-output>
          </reporter-output>
        </test-method> <!-- verifyLeadsCreation -->
        <test-method is-config="true" signature="afterClass()[pri:0, instance:com.eva.vtigerAutomation.TestCaseLayer.TestCaseLayer1@536f2a7e]" started-at="2023-09-09T13:57:03 IST" name="afterClass" finished-at="2023-09-09T13:57:03 IST" duration-ms="13" status="PASS">
          <reporter-output>
          </reporter-output>
        </test-method> <!-- afterClass -->
        <test-method is-config="true" signature="afterTest()[pri:0, instance:com.eva.vtigerAutomation.TestCaseLayer.TestCaseLayer1@536f2a7e]" started-at="2023-09-09T13:57:03 IST" name="afterTest" finished-at="2023-09-09T13:57:03 IST" duration-ms="448" status="PASS">
          <reporter-output>
          </reporter-output>
        </test-method> <!-- afterTest -->
      </class> <!-- com.eva.vtigerAutomation.TestCaseLayer.TestCaseLayer1 -->
    </test> <!-- verifyLeadsCreation -->
    <test started-at="2023-09-09T13:57:03 IST" name="Test11" finished-at="2023-09-09T13:57:08 IST" duration-ms="4922">
      <class name="com.eva.vtigerAutomation.TestCaseLayer.TestCaseLayer1">
        <test-method is-config="true" signature="beforeTest()[pri:0, instance:com.eva.vtigerAutomation.TestCaseLayer.TestCaseLayer1@79207381]" started-at="2023-09-09T13:57:03 IST" name="beforeTest" finished-at="2023-09-09T13:57:03 IST" duration-ms="2" status="PASS">
          <reporter-output>
          </reporter-output>
        </test-method> <!-- beforeTest -->
        <test-method is-config="true" signature="beforeClass(java.lang.String)[pri:0, instance:com.eva.vtigerAutomation.TestCaseLayer.TestCaseLayer1@79207381]" started-at="2023-09-09T13:57:03 IST" name="beforeClass" finished-at="2023-09-09T13:57:08 IST" duration-ms="4741" status="PASS">
          <params>
            <param index="0">
              <value>
                <![CDATA[firefox]]>
              </value>
            </param>
          </params>
          <reporter-output>
          </reporter-output>
        </test-method> <!-- beforeClass -->
        <test-method signature="verifyLeadsCreation(java.lang.Object)[pri:0, instance:com.eva.vtigerAutomation.TestCaseLayer.TestCaseLayer1@79207381]" started-at="2023-09-09T13:57:08 IST" name="verifyLeadsCreation" finished-at="2023-09-09T13:57:08 IST" duration-ms="0" status="FAIL">
          <exception class="org.testng.TestNGException">
            <message>
              <![CDATA[
Method public void com.eva.vtigerAutomation.TestCaseLayer.TestCaseLayer1.verifyLeadsCreation(java.lang.Object) requires a @DataProvider named : getValue]]>
            </message>
            <full-stacktrace>
              <![CDATA[org.testng.TestNGException: 
Method public void com.eva.vtigerAutomation.TestCaseLayer.TestCaseLayer1.verifyLeadsCreation(java.lang.Object) requires a @DataProvider named : getValue
at org.testng.internal.Parameters.findDataProvider(Parameters.java:526)
at org.testng.internal.Parameters.handleParameters(Parameters.java:763)
at org.testng.internal.Parameters.handleParameters(Parameters.java:728)
at org.testng.internal.invokers.ParameterHandler.handleParameters(ParameterHandler.java:72)
at org.testng.internal.invokers.ParameterHandler.createParameters(ParameterHandler.java:51)
at org.testng.internal.invokers.TestInvoker$MethodInvocationAgent.invoke(TestInvoker.java:911)
at org.testng.internal.invokers.TestInvoker.invokeTestMethods(TestInvoker.java:200)
at org.testng.internal.invokers.TestMethodWorker.invokeTestMethods(TestMethodWorker.java:148)
at org.testng.internal.invokers.TestMethodWorker.run(TestMethodWorker.java:128)
at java.base/java.util.ArrayList.forEach(ArrayList.java:1511)
at org.testng.TestRunner.privateRun(TestRunner.java:848)
at org.testng.TestRunner.run(TestRunner.java:621)
at org.testng.SuiteRunner.runTest(SuiteRunner.java:443)
at org.testng.SuiteRunner.runSequentially(SuiteRunner.java:437)
at org.testng.SuiteRunner.privateRun(SuiteRunner.java:397)
at org.testng.SuiteRunner.run(SuiteRunner.java:336)
at org.testng.SuiteRunnerWorker.runSuite(SuiteRunnerWorker.java:52)
at org.testng.SuiteRunnerWorker.run(SuiteRunnerWorker.java:95)
at org.testng.TestNG.runSuitesSequentially(TestNG.java:1280)
at org.testng.TestNG.runSuitesLocally(TestNG.java:1200)
at org.testng.TestNG.runSuites(TestNG.java:1114)
at org.testng.TestNG.run(TestNG.java:1082)
at org.testng.remote.AbstractRemoteTestNG.run(AbstractRemoteTestNG.java:115)
at org.testng.remote.RemoteTestNG.initAndRun(RemoteTestNG.java:251)
at org.testng.remote.RemoteTestNG.main(RemoteTestNG.java:77)
]]>
            </full-stacktrace>
          </exception> <!-- org.testng.TestNGException -->
          <reporter-output>
          </reporter-output>
        </test-method> <!-- verifyLeadsCreation -->
        <test-method is-config="true" signature="afterClass()[pri:0, instance:com.eva.vtigerAutomation.TestCaseLayer.TestCaseLayer1@79207381]" started-at="2023-09-09T13:57:08 IST" name="afterClass" finished-at="2023-09-09T13:57:08 IST" duration-ms="1" status="PASS">
          <reporter-output>
          </reporter-output>
        </test-method> <!-- afterClass -->
        <test-method is-config="true" signature="afterTest()[pri:0, instance:com.eva.vtigerAutomation.TestCaseLayer.TestCaseLayer1@79207381]" started-at="2023-09-09T13:57:08 IST" name="afterTest" finished-at="2023-09-09T13:57:08 IST" duration-ms="158" status="PASS">
          <reporter-output>
          </reporter-output>
        </test-method> <!-- afterTest -->
      </class> <!-- com.eva.vtigerAutomation.TestCaseLayer.TestCaseLayer1 -->
    </test> <!-- Test11 -->
    <test started-at="2023-09-09T13:57:08 IST" name="Test1122" finished-at="2023-09-09T13:57:14 IST" duration-ms="5649">
      <class name="com.eva.vtigerAutomation.TestCaseLayer.TestCaseLayer1">
        <test-method is-config="true" signature="beforeSuite()[pri:0, instance:com.eva.vtigerAutomation.TestCaseLayer.TestCaseLayer1@1a4927d6]" started-at="2023-09-09T13:56:53 IST" name="beforeSuite" finished-at="2023-09-09T13:56:53 IST" duration-ms="15" status="PASS">
          <reporter-output>
          </reporter-output>
        </test-method> <!-- beforeSuite -->
        <test-method is-config="true" signature="beforeTest()[pri:0, instance:com.eva.vtigerAutomation.TestCaseLayer.TestCaseLayer1@1a4927d6]" started-at="2023-09-09T13:57:08 IST" name="beforeTest" finished-at="2023-09-09T13:57:08 IST" duration-ms="5" status="PASS">
          <reporter-output>
          </reporter-output>
        </test-method> <!-- beforeTest -->
        <test-method is-config="true" signature="beforeClass(java.lang.String)[pri:0, instance:com.eva.vtigerAutomation.TestCaseLayer.TestCaseLayer1@1a4927d6]" started-at="2023-09-09T13:57:08 IST" name="beforeClass" finished-at="2023-09-09T13:57:14 IST" duration-ms="5525" status="PASS">
          <params>
            <param index="0">
              <value>
                <![CDATA[IO]]>
              </value>
            </param>
          </params>
          <reporter-output>
          </reporter-output>
        </test-method> <!-- beforeClass -->
        <test-method signature="verifyLeadsCreation(java.lang.Object)[pri:0, instance:com.eva.vtigerAutomation.TestCaseLayer.TestCaseLayer1@1a4927d6]" started-at="2023-09-09T13:57:14 IST" name="verifyLeadsCreation" finished-at="2023-09-09T13:57:14 IST" duration-ms="0" status="FAIL">
          <exception class="org.testng.TestNGException">
            <message>
              <![CDATA[
Method public void com.eva.vtigerAutomation.TestCaseLayer.TestCaseLayer1.verifyLeadsCreation(java.lang.Object) requires a @DataProvider named : getValue]]>
            </message>
            <full-stacktrace>
              <![CDATA[org.testng.TestNGException: 
Method public void com.eva.vtigerAutomation.TestCaseLayer.TestCaseLayer1.verifyLeadsCreation(java.lang.Object) requires a @DataProvider named : getValue
at org.testng.internal.Parameters.findDataProvider(Parameters.java:526)
at org.testng.internal.Parameters.handleParameters(Parameters.java:763)
at org.testng.internal.Parameters.handleParameters(Parameters.java:728)
at org.testng.internal.invokers.ParameterHandler.handleParameters(ParameterHandler.java:72)
at org.testng.internal.invokers.ParameterHandler.createParameters(ParameterHandler.java:51)
at org.testng.internal.invokers.TestInvoker$MethodInvocationAgent.invoke(TestInvoker.java:911)
at org.testng.internal.invokers.TestInvoker.invokeTestMethods(TestInvoker.java:200)
at org.testng.internal.invokers.TestMethodWorker.invokeTestMethods(TestMethodWorker.java:148)
at org.testng.internal.invokers.TestMethodWorker.run(TestMethodWorker.java:128)
at java.base/java.util.ArrayList.forEach(ArrayList.java:1511)
at org.testng.TestRunner.privateRun(TestRunner.java:848)
at org.testng.TestRunner.run(TestRunner.java:621)
at org.testng.SuiteRunner.runTest(SuiteRunner.java:443)
at org.testng.SuiteRunner.runSequentially(SuiteRunner.java:437)
at org.testng.SuiteRunner.privateRun(SuiteRunner.java:397)
at org.testng.SuiteRunner.run(SuiteRunner.java:336)
at org.testng.SuiteRunnerWorker.runSuite(SuiteRunnerWorker.java:52)
at org.testng.SuiteRunnerWorker.run(SuiteRunnerWorker.java:95)
at org.testng.TestNG.runSuitesSequentially(TestNG.java:1280)
at org.testng.TestNG.runSuitesLocally(TestNG.java:1200)
at org.testng.TestNG.runSuites(TestNG.java:1114)
at org.testng.TestNG.run(TestNG.java:1082)
at org.testng.remote.AbstractRemoteTestNG.run(AbstractRemoteTestNG.java:115)
at org.testng.remote.RemoteTestNG.initAndRun(RemoteTestNG.java:251)
at org.testng.remote.RemoteTestNG.main(RemoteTestNG.java:77)
]]>
            </full-stacktrace>
          </exception> <!-- org.testng.TestNGException -->
          <reporter-output>
          </reporter-output>
        </test-method> <!-- verifyLeadsCreation -->
        <test-method is-config="true" signature="afterClass()[pri:0, instance:com.eva.vtigerAutomation.TestCaseLayer.TestCaseLayer1@1a4927d6]" started-at="2023-09-09T13:57:14 IST" name="afterClass" finished-at="2023-09-09T13:57:14 IST" duration-ms="12" status="PASS">
          <reporter-output>
          </reporter-output>
        </test-method> <!-- afterClass -->
        <test-method is-config="true" signature="afterTest()[pri:0, instance:com.eva.vtigerAutomation.TestCaseLayer.TestCaseLayer1@1a4927d6]" started-at="2023-09-09T13:57:14 IST" name="afterTest" finished-at="2023-09-09T13:57:14 IST" duration-ms="90" status="PASS">
          <reporter-output>
          </reporter-output>
        </test-method> <!-- afterTest -->
        <test-method is-config="true" signature="afterSuite()[pri:0, instance:com.eva.vtigerAutomation.TestCaseLayer.TestCaseLayer1@1a4927d6]" started-at="2023-09-09T13:57:14 IST" name="afterSuite" finished-at="2023-09-09T13:57:14 IST" duration-ms="0" status="PASS">
          <reporter-output>
          </reporter-output>
        </test-method> <!-- afterSuite -->
      </class> <!-- com.eva.vtigerAutomation.TestCaseLayer.TestCaseLayer1 -->
    </test> <!-- Test1122 -->
  </suite> <!-- Suite -->
</testng-results>
